app/build/intermediates/manifest_merge_blame_file/debug/manifest-merger-blame-debug-report.txt
1<?xml version="1.0" encoding="utf-8"?>
2<manifest xmlns:android="http://schemas.android.com/apk/res/android"
3    package="com.vgeekers.neeraqua"
4    android:versionCode="1"
5    android:versionName="1.0" >
6
7    <uses-sdk
8        android:minSdkVersion="16"
8-->src\main\AndroidManifest.xml
9        android:targetSdkVersion="29" />
9-->src\main\AndroidManifest.xml
10
11    <uses-permission android:name="android.permission.INTERNET" />
11-->src\main\AndroidManifest.xml:6:5-66
11-->src\main\AndroidManifest.xml:6:22-64
12    <uses-permission android:name="android.permission.CALL_PHONE" />
12-->src\main\AndroidManifest.xml:7:5-68
12-->src\main\AndroidManifest.xml:7:22-66
13    <uses-permission android:name="android.permission.VIBRATE" />
13-->src\main\AndroidManifest.xml:10:5-66
13-->src\main\AndroidManifest.xml:10:22-63
14    <uses-permission android:name="android.permission.ACCESS_NETWORK_STATE" />
14-->[com.google.android.gms:play-services-measurement:17.2.1] AndroidManifest.xml:24:5-79
14-->[com.google.android.gms:play-services-measurement:17.2.1] AndroidManifest.xml:24:22-76
15    <uses-permission android:name="android.permission.WAKE_LOCK" />
15-->[com.google.android.gms:play-services-measurement:17.2.1] AndroidManifest.xml:25:5-68
15-->[com.google.android.gms:play-services-measurement:17.2.1] AndroidManifest.xml:25:22-65
16    <uses-permission android:name="com.google.android.finsky.permission.BIND_GET_INSTALL_REFERRER_SERVICE" /> <!-- Required by older versions of Google Play services to create IID tokens -->
16-->[com.google.android.gms:play-services-measurement:17.2.1] AndroidManifest.xml:26:5-110
16-->[com.google.android.gms:play-services-measurement:17.2.1] AndroidManifest.xml:26:22-107
17    <uses-permission android:name="com.google.android.c2dm.permission.RECEIVE" />
17-->[com.google.firebase:firebase-iid:20.0.2] AndroidManifest.xml:26:5-82
17-->[com.google.firebase:firebase-iid:20.0.2] AndroidManifest.xml:26:22-79
18
19    <application
19-->src\main\AndroidManifest.xml:12:5-58:19
20        android:allowBackup="true"
20-->src\main\AndroidManifest.xml:13:9-35
21        android:appComponentFactory="androidx.core.app.CoreComponentFactory"
21-->[androidx.core:core:1.1.0] AndroidManifest.xml:24:18-86
22        android:debuggable="true"
23        android:icon="@mipmap/app_logo"
23-->src\main\AndroidManifest.xml:14:9-40
24        android:label="@string/app_name"
24-->src\main\AndroidManifest.xml:15:9-41
25        android:roundIcon="@mipmap/app_logo_circle"
25-->src\main\AndroidManifest.xml:16:9-52
26        android:supportsRtl="true"
26-->src\main\AndroidManifest.xml:17:9-35
27        android:theme="@style/AppTheme" >
27-->src\main\AndroidManifest.xml:18:9-40
28        <activity android:name="com.vgeekers.neeraqua.OtpActivity" />
28-->src\main\AndroidManifest.xml:20:9-69
28-->src\main\AndroidManifest.xml:20:19-67
29        <activity android:name="com.vgeekers.neeraqua.ForgotPassword" />
29-->src\main\AndroidManifest.xml:21:9-73
29-->src\main\AndroidManifest.xml:21:19-70
30        <activity android:name="com.vgeekers.neeraqua.Authentication" />
30-->src\main\AndroidManifest.xml:22:9-73
30-->src\main\AndroidManifest.xml:22:19-70
31        <activity android:name="com.vgeekers.neeraqua.SplashActivity" >
31-->src\main\AndroidManifest.xml:23:9-29:20
31-->src\main\AndroidManifest.xml:23:19-70
32            <intent-filter>
32-->src\main\AndroidManifest.xml:24:13-28:29
33                <action android:name="android.intent.action.MAIN" />
33-->src\main\AndroidManifest.xml:25:17-69
33-->src\main\AndroidManifest.xml:25:25-66
34                <action android:name="android.intent.action.VIEW" />
34-->src\main\AndroidManifest.xml:26:17-69
34-->src\main\AndroidManifest.xml:26:25-66
35
36                <category android:name="android.intent.category.LAUNCHER" />
36-->src\main\AndroidManifest.xml:27:17-77
36-->src\main\AndroidManifest.xml:27:27-74
37            </intent-filter>
38        </activity>
39        <activity
39-->src\main\AndroidManifest.xml:30:9-35:20
40            android:name="com.vgeekers.neeraqua.MainActivity"
40-->src\main\AndroidManifest.xml:31:13-62
41            android:label="@string/app_name"
41-->src\main\AndroidManifest.xml:32:13-45
42            android:theme="@style/AppTheme.NoActionBar" >
42-->src\main\AndroidManifest.xml:33:13-56
43        </activity>
44
45        <meta-data
45-->src\main\AndroidManifest.xml:37:9-38:55
46            android:name="com.facebook.accountkit.ApplicationName"
46-->src\main\AndroidManifest.xml:37:20-74
47            android:value="@string/app_name" />
47-->src\main\AndroidManifest.xml:38:20-52
48        <meta-data
48-->src\main\AndroidManifest.xml:39:9-40:62
49            android:name="com.facebook.sdk.ApplicationId"
49-->src\main\AndroidManifest.xml:39:20-65
50            android:value="@string/FACEBOOK_APP_ID" />
50-->src\main\AndroidManifest.xml:40:20-59
51        <meta-data
51-->src\main\AndroidManifest.xml:41:9-42:71
52            android:name="com.facebook.accountkit.ClientToken"
52-->src\main\AndroidManifest.xml:41:20-70
53            android:value="@string/ACCOUNT_KIT_CLIENT_TOKEN" />
53-->src\main\AndroidManifest.xml:42:20-68
54        <meta-data
54-->src\main\AndroidManifest.xml:44:9-45:43
55            android:name="com.facebook.accountkit.FacebookAppEventsEnabled"
55-->src\main\AndroidManifest.xml:44:20-83
56            android:value="false" />
56-->src\main\AndroidManifest.xml:45:20-41
57
58        <activity
58-->src\main\AndroidManifest.xml:47:9-48:76
59            android:name="com.facebook.accountkit.ui.AccountKitActivity"
59-->src\main\AndroidManifest.xml:48:13-73
60            android:label="@string/com_accountkit_button_log_in"
60-->[com.facebook.android:account-kit-sdk:5.0.0] AndroidManifest.xml:31:13-65
61            android:launchMode="singleTop"
61-->[com.facebook.android:account-kit-sdk:5.0.0] AndroidManifest.xml:32:13-43
62            android:theme="@style/Theme.AccountKit"
62-->[com.facebook.android:account-kit-sdk:5.0.0] AndroidManifest.xml:33:13-52
63            android:windowSoftInputMode="adjustResize" />
63-->[com.facebook.android:account-kit-sdk:5.0.0] AndroidManifest.xml:34:13-55
64        <activity android:name="com.vgeekers.neeraqua.SignUpOtpActivity" />
64-->src\main\AndroidManifest.xml:49:9-55
64-->src\main\AndroidManifest.xml:49:19-52
65
66        <service
66-->src\main\AndroidManifest.xml:51:9-57:19
67            android:name="com.vgeekers.neeraqua.FCMServices.FcmMessagingService"
67-->src\main\AndroidManifest.xml:52:13-60
68            android:exported="false" >
68-->src\main\AndroidManifest.xml:53:13-37
69            <intent-filter>
69-->src\main\AndroidManifest.xml:54:13-56:29
70                <action android:name="com.google.firebase.MESSAGING_EVENT" />
70-->src\main\AndroidManifest.xml:55:17-78
70-->src\main\AndroidManifest.xml:55:25-75
71            </intent-filter>
72        </service>
73
74        <activity
74-->[com.facebook.android:account-kit-sdk:5.0.0] AndroidManifest.xml:35:9-38:40
75            android:name="com.facebook.accountkit.ui.AccountKitEmailRedirectActivity"
75-->[com.facebook.android:account-kit-sdk:5.0.0] AndroidManifest.xml:36:13-86
76            android:exported="true"
76-->[com.facebook.android:account-kit-sdk:5.0.0] AndroidManifest.xml:37:13-36
77            android:noHistory="true" />
77-->[com.facebook.android:account-kit-sdk:5.0.0] AndroidManifest.xml:38:13-37
78        <!--
79             The initialization ContentProvider will call AccountKit.initialize automatically
80             with the application context. This config is merged in with the host app's manifest,
81             but there can only be one provider with the same authority activated at any given
82             point; so if the end user has two or more different apps that use AccountKit, only the
83             first one will be able to use the provider. To work around this problem, we use the
84             following placeholder in the authority to identify each host application as if it was
85             a completely different provider.
86        -->
87        <provider
87-->[com.facebook.android:account-kit-sdk:5.0.0] AndroidManifest.xml:49:9-52:40
88            android:name="com.facebook.accountkit.internal.AccountKitInitProvider"
88-->[com.facebook.android:account-kit-sdk:5.0.0] AndroidManifest.xml:50:13-83
89            android:authorities="com.vgeekers.neeraqua.AccountKitInitialization"
89-->[com.facebook.android:account-kit-sdk:5.0.0] AndroidManifest.xml:51:13-76
90            android:exported="false" />
90-->[com.facebook.android:account-kit-sdk:5.0.0] AndroidManifest.xml:52:13-37
91        <provider
91-->[com.squareup.picasso:picasso:2.71828] AndroidManifest.xml:8:9-11:40
92            android:name="com.squareup.picasso.PicassoProvider"
92-->[com.squareup.picasso:picasso:2.71828] AndroidManifest.xml:9:13-64
93            android:authorities="com.vgeekers.neeraqua.com.squareup.picasso"
93-->[com.squareup.picasso:picasso:2.71828] AndroidManifest.xml:10:13-72
94            android:exported="false" />
94-->[com.squareup.picasso:picasso:2.71828] AndroidManifest.xml:11:13-37
95        <!--
96             FirebaseMessagingService performs security checks at runtime,
97             but set to not exported to explicitly avoid allowing another app to call it.
98        -->
99        <service
99-->[com.google.firebase:firebase-messaging:20.1.0] AndroidManifest.xml:28:9-34:19
100            android:name="com.google.firebase.messaging.FirebaseMessagingService"
100-->[com.google.firebase:firebase-messaging:20.1.0] AndroidManifest.xml:29:13-82
101            android:exported="false" >
101-->[com.google.firebase:firebase-messaging:20.1.0] AndroidManifest.xml:30:13-37
102            <intent-filter android:priority="-500" >
102-->src\main\AndroidManifest.xml:54:13-56:29
103                <action android:name="com.google.firebase.MESSAGING_EVENT" />
103-->src\main\AndroidManifest.xml:55:17-78
103-->src\main\AndroidManifest.xml:55:25-75
104            </intent-filter>
105        </service>
106        <service
106-->[com.google.firebase:firebase-messaging:20.1.0] AndroidManifest.xml:35:9-41:19
107            android:name="com.google.firebase.components.ComponentDiscoveryService"
107-->[com.google.firebase:firebase-messaging:20.1.0] AndroidManifest.xml:36:13-84
108            android:directBootAware="true"
108-->[com.google.firebase:firebase-common:19.3.0] AndroidManifest.xml:34:13-43
109            android:exported="false" >
109-->[com.google.firebase:firebase-messaging:20.1.0] AndroidManifest.xml:37:13-37
110            <meta-data
110-->[com.google.firebase:firebase-messaging:20.1.0] AndroidManifest.xml:38:13-40:85
111                android:name="com.google.firebase.components:com.google.firebase.messaging.FirebaseMessagingRegistrar"
111-->[com.google.firebase:firebase-messaging:20.1.0] AndroidManifest.xml:39:17-119
112                android:value="com.google.firebase.components.ComponentRegistrar" />
112-->[com.google.firebase:firebase-messaging:20.1.0] AndroidManifest.xml:40:17-82
113            <meta-data
113-->[com.google.android.gms:play-services-measurement-api:17.2.1] AndroidManifest.xml:30:13-32:85
114                android:name="com.google.firebase.components:com.google.firebase.analytics.connector.internal.AnalyticsConnectorRegistrar"
114-->[com.google.android.gms:play-services-measurement-api:17.2.1] AndroidManifest.xml:31:17-139
115                android:value="com.google.firebase.components.ComponentRegistrar" />
115-->[com.google.android.gms:play-services-measurement-api:17.2.1] AndroidManifest.xml:32:17-82
116            <meta-data
116-->[com.google.firebase:firebase-datatransport:17.0.3] AndroidManifest.xml:28:13-30:85
117                android:name="com.google.firebase.components:com.google.firebase.datatransport.TransportRegistrar"
117-->[com.google.firebase:firebase-datatransport:17.0.3] AndroidManifest.xml:29:17-115
118                android:value="com.google.firebase.components.ComponentRegistrar" />
118-->[com.google.firebase:firebase-datatransport:17.0.3] AndroidManifest.xml:30:17-82
119            <meta-data
119-->[com.google.firebase:firebase-iid:20.0.2] AndroidManifest.xml:32:13-34:85
120                android:name="com.google.firebase.components:com.google.firebase.iid.Registrar"
120-->[com.google.firebase:firebase-iid:20.0.2] AndroidManifest.xml:33:17-96
121                android:value="com.google.firebase.components.ComponentRegistrar" />
121-->[com.google.firebase:firebase-iid:20.0.2] AndroidManifest.xml:34:17-82
122        </service>
123
124        <activity
124-->[com.google.android.gms:play-services-auth:16.0.1] AndroidManifest.xml:23:9-27:75
125            android:name="com.google.android.gms.auth.api.signin.internal.SignInHubActivity"
125-->[com.google.android.gms:play-services-auth:16.0.1] AndroidManifest.xml:24:13-93
126            android:excludeFromRecents="true"
126-->[com.google.android.gms:play-services-auth:16.0.1] AndroidManifest.xml:25:13-46
127            android:exported="false"
127-->[com.google.android.gms:play-services-auth:16.0.1] AndroidManifest.xml:26:13-37
128            android:theme="@android:style/Theme.Translucent.NoTitleBar" />
128-->[com.google.android.gms:play-services-auth:16.0.1] AndroidManifest.xml:27:13-72
129        <!--
130            Service handling Google Sign-In user revocation. For apps that do not integrate with
131            Google Sign-In, this service will never be started.
132        -->
133        <service
133-->[com.google.android.gms:play-services-auth:16.0.1] AndroidManifest.xml:33:9-36:110
134            android:name="com.google.android.gms.auth.api.signin.RevocationBoundService"
134-->[com.google.android.gms:play-services-auth:16.0.1] AndroidManifest.xml:34:13-89
135            android:exported="true"
135-->[com.google.android.gms:play-services-auth:16.0.1] AndroidManifest.xml:35:13-36
136            android:permission="com.google.android.gms.auth.api.signin.permission.REVOCATION_NOTIFICATION" />
136-->[com.google.android.gms:play-services-auth:16.0.1] AndroidManifest.xml:36:13-107
137
138        <receiver
138-->[com.google.android.gms:play-services-measurement:17.2.1] AndroidManifest.xml:29:9-33:20
139            android:name="com.google.android.gms.measurement.AppMeasurementReceiver"
139-->[com.google.android.gms:play-services-measurement:17.2.1] AndroidManifest.xml:30:13-85
140            android:enabled="true"
140-->[com.google.android.gms:play-services-measurement:17.2.1] AndroidManifest.xml:31:13-35
141            android:exported="false" >
141-->[com.google.android.gms:play-services-measurement:17.2.1] AndroidManifest.xml:32:13-37
142        </receiver>
143        <receiver
143-->[com.google.android.gms:play-services-measurement:17.2.1] AndroidManifest.xml:34:9-42:20
144            android:name="com.google.android.gms.measurement.AppMeasurementInstallReferrerReceiver"
144-->[com.google.android.gms:play-services-measurement:17.2.1] AndroidManifest.xml:35:13-100
145            android:enabled="true"
145-->[com.google.android.gms:play-services-measurement:17.2.1] AndroidManifest.xml:36:13-35
146            android:exported="true"
146-->[com.google.android.gms:play-services-measurement:17.2.1] AndroidManifest.xml:37:13-36
147            android:permission="android.permission.INSTALL_PACKAGES" >
147-->[com.google.android.gms:play-services-measurement:17.2.1] AndroidManifest.xml:38:13-69
148            <intent-filter>
148-->[com.google.android.gms:play-services-measurement:17.2.1] AndroidManifest.xml:39:13-41:29
149                <action android:name="com.android.vending.INSTALL_REFERRER" />
149-->[com.google.android.gms:play-services-measurement:17.2.1] AndroidManifest.xml:40:17-79
149-->[com.google.android.gms:play-services-measurement:17.2.1] AndroidManifest.xml:40:25-76
150            </intent-filter>
151        </receiver>
152
153        <service
153-->[com.google.android.gms:play-services-measurement:17.2.1] AndroidManifest.xml:44:9-47:40
154            android:name="com.google.android.gms.measurement.AppMeasurementService"
154-->[com.google.android.gms:play-services-measurement:17.2.1] AndroidManifest.xml:45:13-84
155            android:enabled="true"
155-->[com.google.android.gms:play-services-measurement:17.2.1] AndroidManifest.xml:46:13-35
156            android:exported="false" />
156-->[com.google.android.gms:play-services-measurement:17.2.1] AndroidManifest.xml:47:13-37
157        <service
157-->[com.google.android.gms:play-services-measurement:17.2.1] AndroidManifest.xml:48:9-52:72
158            android:name="com.google.android.gms.measurement.AppMeasurementJobService"
158-->[com.google.android.gms:play-services-measurement:17.2.1] AndroidManifest.xml:49:13-87
159            android:enabled="true"
159-->[com.google.android.gms:play-services-measurement:17.2.1] AndroidManifest.xml:50:13-35
160            android:exported="false"
160-->[com.google.android.gms:play-services-measurement:17.2.1] AndroidManifest.xml:51:13-37
161            android:permission="android.permission.BIND_JOB_SERVICE" />
161-->[com.google.android.gms:play-services-measurement:17.2.1] AndroidManifest.xml:52:13-69
162
163        <receiver
163-->[com.google.firebase:firebase-iid:20.0.2] AndroidManifest.xml:37:9-44:20
164            android:name="com.google.firebase.iid.FirebaseInstanceIdReceiver"
164-->[com.google.firebase:firebase-iid:20.0.2] AndroidManifest.xml:38:13-78
165            android:exported="true"
165-->[com.google.firebase:firebase-iid:20.0.2] AndroidManifest.xml:39:13-36
166            android:permission="com.google.android.c2dm.permission.SEND" >
166-->[com.google.firebase:firebase-iid:20.0.2] AndroidManifest.xml:40:13-73
167            <intent-filter>
167-->[com.google.firebase:firebase-iid:20.0.2] AndroidManifest.xml:41:13-43:29
168                <action android:name="com.google.android.c2dm.intent.RECEIVE" />
168-->[com.google.firebase:firebase-iid:20.0.2] AndroidManifest.xml:42:17-81
168-->[com.google.firebase:firebase-iid:20.0.2] AndroidManifest.xml:42:25-78
169            </intent-filter>
170        </receiver>
171
172        <provider
172-->[com.google.firebase:firebase-common:19.3.0] AndroidManifest.xml:26:9-30:39
173            android:name="com.google.firebase.provider.FirebaseInitProvider"
173-->[com.google.firebase:firebase-common:19.3.0] AndroidManifest.xml:27:13-77
174            android:authorities="com.vgeekers.neeraqua.firebaseinitprovider"
174-->[com.google.firebase:firebase-common:19.3.0] AndroidManifest.xml:28:13-72
175            android:exported="false"
175-->[com.google.firebase:firebase-common:19.3.0] AndroidManifest.xml:29:13-37
176            android:initOrder="100" />
176-->[com.google.firebase:firebase-common:19.3.0] AndroidManifest.xml:30:13-36
177
178        <activity
178-->[com.google.android.gms:play-services-base:17.0.0] AndroidManifest.xml:23:9-26:75
179            android:name="com.google.android.gms.common.api.GoogleApiActivity"
179-->[com.google.android.gms:play-services-base:17.0.0] AndroidManifest.xml:24:13-79
180            android:exported="false"
180-->[com.google.android.gms:play-services-base:17.0.0] AndroidManifest.xml:25:13-37
181            android:theme="@android:style/Theme.Translucent.NoTitleBar" />
181-->[com.google.android.gms:play-services-base:17.0.0] AndroidManifest.xml:26:13-72
182
183        <meta-data
183-->[com.google.android.gms:play-services-basement:17.0.0] AndroidManifest.xml:23:9-25:69
184            android:name="com.google.android.gms.version"
184-->[com.google.android.gms:play-services-basement:17.0.0] AndroidManifest.xml:24:13-58
185            android:value="@integer/google_play_services_version" />
185-->[com.google.android.gms:play-services-basement:17.0.0] AndroidManifest.xml:25:13-66
186
187        <service
187-->[com.google.android.datatransport:transport-backend-cct:2.2.0] AndroidManifest.xml:29:9-35:19
188            android:name="com.google.android.datatransport.runtime.backends.TransportBackendDiscovery"
188-->[com.google.android.datatransport:transport-backend-cct:2.2.0] AndroidManifest.xml:30:13-103
189            android:exported="false" >
189-->[com.google.android.datatransport:transport-backend-cct:2.2.0] AndroidManifest.xml:31:13-37
190            <meta-data
190-->[com.google.android.datatransport:transport-backend-cct:2.2.0] AndroidManifest.xml:32:13-34:39
191                android:name="backend:com.google.android.datatransport.cct.CctBackendFactory"
191-->[com.google.android.datatransport:transport-backend-cct:2.2.0] AndroidManifest.xml:33:17-94
192                android:value="cct" />
192-->[com.google.android.datatransport:transport-backend-cct:2.2.0] AndroidManifest.xml:34:17-36
193        </service>
194        <service
194-->[com.google.android.datatransport:transport-runtime:2.2.0] AndroidManifest.xml:26:9-30:19
195            android:name="com.google.android.datatransport.runtime.scheduling.jobscheduling.JobInfoSchedulerService"
195-->[com.google.android.datatransport:transport-runtime:2.2.0] AndroidManifest.xml:27:13-117
196            android:exported="false"
196-->[com.google.android.datatransport:transport-runtime:2.2.0] AndroidManifest.xml:28:13-37
197            android:permission="android.permission.BIND_JOB_SERVICE" >
197-->[com.google.android.datatransport:transport-runtime:2.2.0] AndroidManifest.xml:29:13-69
198        </service>
199
200        <receiver
200-->[com.google.android.datatransport:transport-runtime:2.2.0] AndroidManifest.xml:32:9-34:40
201            android:name="com.google.android.datatransport.runtime.scheduling.jobscheduling.AlarmManagerSchedulerBroadcastReceiver"
201-->[com.google.android.datatransport:transport-runtime:2.2.0] AndroidManifest.xml:33:13-132
202            android:exported="false" />
202-->[com.google.android.datatransport:transport-runtime:2.2.0] AndroidManifest.xml:34:13-37
203    </application>
204
205</manifest>